#
# A fatal error has been detected by the Java Runtime Environment:
#
#  EXCEPTION_ACCESS_VIOLATION (0xc0000005) at pc=0x00007ffbeba40103, pid=14544, tid=17928
#
# JRE version: OpenJDK Runtime Environment (11.0.8+10) (build 11.0.8+10-b944.6842174)
# Java VM: OpenJDK 64-Bit Server VM (11.0.8+10-b944.6842174, mixed mode, tiered, compressed oops, g1 gc, windows-amd64)
# Problematic frame:
# V  [jvm.dll+0x370103]
#
# No core dump will be written. Minidumps are not enabled by default on client versions of Windows
#
# If you would like to submit a bug report, please visit:
#   https://bugreport.java.com/bugreport/crash.jsp
#

---------------  S U M M A R Y ------------

Command Line: --add-opens=java.base/java.util=ALL-UNNAMED --add-opens=java.base/java.lang=ALL-UNNAMED --add-opens=java.base/java.lang.invoke=ALL-UNNAMED --add-opens=java.prefs/java.util.prefs=ALL-UNNAMED -Xmx512m -Dfile.encoding=UTF-8 -Duser.country=US -Duser.language=en -Duser.variant org.gradle.launcher.daemon.bootstrap.GradleDaemon 6.5

Host: Intel(R) Core(TM) i5-7200U CPU @ 2.50GHz, 4 cores, 7G,  Windows 10 , 64 bit Build 19041 (10.0.19041.1023)
Time: Thu Jun 24 00:43:30 2021 SE Asia Standard Time elapsed time: 35 seconds (0d 0h 0m 35s)

---------------  T H R E A D  ---------------

Current thread (0x000001fcfe883000):  JavaThread "jar transforms Thread 49" [_thread_in_vm, id=17928, stack(0x000000faeff00000,0x000000faf0000000)]

Stack: [0x000000faeff00000,0x000000faf0000000],  sp=0x000000faeffff680,  free space=1021k
Native frames: (J=compiled Java code, j=interpreted, Vv=VM code, C=native code)
V  [jvm.dll+0x370103]
V  [jvm.dll+0x5de432]
V  [jvm.dll+0x370aba]
V  [jvm.dll+0x370d47]
V  [jvm.dll+0x3e002d]
V  [jvm.dll+0x6dad3f]
V  [jvm.dll+0x6d3895]
V  [jvm.dll+0x5dd4a6]
C  [ucrtbase.dll+0x21bb2]
C  [KERNEL32.DLL+0x17034]
C  [ntdll.dll+0x52651]


siginfo: EXCEPTION_ACCESS_VIOLATION (0xc0000005), writing address 0x000000faefff8680


Register to memory mapping:

RIP=0x00007ffbeba40103 jvm.dll
RAX=0x0000000000000001 is an unknown value
RBX=0x000000faefff8680 is pointing into the stack for thread: 0x000001fcfe883000
RCX=0x0000000000001000 is an unknown value
RDX=0x0 is NULL
RSP=0x000000faeffff680 is pointing into the stack for thread: 0x000001fcfe883000
RBP=0x000001fcfe883000 is a thread
RSI=0x0 is NULL
RDI=0x000000faeffff7f0 is pointing into the stack for thread: 0x000001fcfe883000
R8 =0x000000faeffff680 is pointing into the stack for thread: 0x000001fcfe883000
R9 =0x000001fcfe883000 is a thread
R10=0x000000faeffff7f0 is pointing into the stack for thread: 0x000001fcfe883000
R11=0x000000faeffff9a0 is pointing into the stack for thread: 0x000001fcfe883000
R12=0x000001fce93fda80 is at code_begin+0 in an Interpreter codelet
method entry point (kind = zerolocals)  [0x000001fce93fda80, 0x000001fce93fdf80]  1280 bytes
R13=0x000000faeffff8d0 is pointing into the stack for thread: 0x000001fcfe883000
R14=0x000000faeffff9a0 is pointing into the stack for thread: 0x000001fcfe883000
R15=0x000001fcfc9c7100 points into unknown readable memory: 00 00 00 00 00 00 00 00


Registers:
RAX=0x0000000000000001, RBX=0x000000faefff8680, RCX=0x0000000000001000, RDX=0x0000000000000000
RSP=0x000000faeffff680, RBP=0x000001fcfe883000, RSI=0x0000000000000000, RDI=0x000000faeffff7f0
R8 =0x000000faeffff680, R9 =0x000001fcfe883000, R10=0x000000faeffff7f0, R11=0x000000faeffff9a0
R12=0x000001fce93fda80, R13=0x000000faeffff8d0, R14=0x000000faeffff9a0, R15=0x000001fcfc9c7100
RIP=0x00007ffbeba40103, EFLAGS=0x0000000000010202

Top of Stack: (sp=0x000000faeffff680)
0x000000faeffff680:   000000faeffff680 0000000000000000
0x000000faeffff690:   0000000100006b80 000000faeffff7a0
0x000000faeffff6a0:   000000faeffff800 00007ffbeba0a2e5
0x000000faeffff6b0:   00007ffc22b00000 00007ffc22b112c4
0x000000faeffff6c0:   000001fcfbc7a998 000001fcfe883000
0x000000faeffff6d0:   000001fcfe883000 00007ffbebbb556b
0x000000faeffff6e0:   0000000000000001 0000000000000001
0x000000faeffff6f0:   0000f69fb7bfd923 00007ffc25cc9993
0x000000faeffff700:   000001fcfbc7a9e0 000001fcfca2ca00
0x000000faeffff710:   000001fcfbc7a998 000001fcfe883000
0x000000faeffff720:   000001fcfbc7a998 000001fcfe883000
0x000000faeffff730:   000001fcfc9c71c8 000000faeffff800
0x000000faeffff740:   000001fcfc9c6df0 0000000000000000
0x000000faeffff750:   000001fcfc9c71c8 0000000000000000
0x000000faeffff760:   000001fcfc9c6df0 0000000000000000
0x000000faeffff770:   000000faeffff8d0 000000faeffff9a0 

Instructions: (pc=0x00007ffbeba40103)
0x00007ffbeba40003:   c0 48 48 89 9c 24 10 01 00 00 4c 89 a4 24 d8 00
0x00007ffbeba40013:   00 00 48 89 84 24 80 00 00 00 4c 8b 20 80 3d d7
0x00007ffbeba40023:   96 67 00 00 74 10 83 bd 98 04 00 00 00 74 07 48
0x00007ffbeba40033:   8b 07 4c 8b 60 30 49 8b ce 4c 89 bc 24 d0 00 00
0x00007ffbeba40043:   00 e8 c7 14 00 00 41 8b 0e 89 84 24 20 01 00 00
0x00007ffbeba40053:   83 f9 0c 74 0a 83 f9 0d 74 05 45 32 ff eb 03 41
0x00007ffbeba40063:   b7 01 48 8b 07 33 c9 8b 40 20 c1 e8 03 a8 01 75
0x00007ffbeba40073:   19 49 8b 45 58 48 8b 00 48 89 84 24 28 01 00 00
0x00007ffbeba40083:   48 89 84 24 88 00 00 00 eb 10 48 89 8c 24 90 00
0x00007ffbeba40093:   00 00 48 89 8c 24 28 01 00 00 83 bd 00 04 00 00
0x00007ffbeba400a3:   03 74 08 48 8b cd e8 f2 9d 36 00 e8 0d e2 26 00
0x00007ffbeba400b3:   4c 8b c0 48 8b d7 48 8b cd 48 8b d8 e8 7c 36 26
0x00007ffbeba400c3:   00 84 c0 75 1d 4c 8b cf 48 8d 15 a6 e0 4a 00 41
0x00007ffbeba400d3:   b8 a4 01 00 00 48 8b cd e8 20 01 f5 ff e9 90 01
0x00007ffbeba400e3:   00 00 48 63 0d 0c 92 68 00 33 d2 48 8b 05 53 67
0x00007ffbeba400f3:   6a 00 48 f7 f1 48 83 f8 01 72 0e 66 90 48 2b d9
0x00007ffbeba40103:   c6 03 00 48 83 e8 01 75 f4 48 85 f6 74 51 48 8b
0x00007ffbeba40113:   06 48 8b ce ff 90 88 00 00 00 84 c0 0f 84 77 01
0x00007ffbeba40123:   00 00 48 8b 06 48 8b ce ff 90 d8 00 00 00 48 89
0x00007ffbeba40133:   85 f0 03 00 00 48 8b 07 48 8b 48 08 48 3b 0d 8a
0x00007ffbeba40143:   b4 66 00 73 12 48 3b 0d 79 b4 66 00 72 09 48 8b
0x00007ffbeba40153:   41 18 48 8b 08 eb 04 48 8b 49 18 4c 8b 61 18 4c
0x00007ffbeba40163:   8b 84 24 28 01 00 00 48 8d 4c 24 40 4d 8b ce 48
0x00007ffbeba40173:   89 6c 24 20 48 8b d7 e8 d1 fb ff ff 48 83 7d 08
0x00007ffbeba40183:   00 75 67 48 8b d5 48 8d 8c 24 98 00 00 00 e8 ea
0x00007ffbeba40193:   a1 fc ff 41 8b 5d 68 49 8b cd 48 8b 3f 48 8b 35
0x00007ffbeba401a3:   d1 db 68 00 e8 34 12 00 00 44 8b 84 24 20 01 00
0x00007ffbeba401b3:   00 49 8d 56 08 48 89 6c 24 38 48 8d 4c 24 40 89
0x00007ffbeba401c3:   5c 24 30 4c 8b cf 48 89 44 24 28 4c 89 64 24 20
0x00007ffbeba401d3:   ff d6 48 83 7d 08 00 0f 84 e1 00 00 00 48 8d 8c
0x00007ffbeba401e3:   24 98 00 00 00 e8 43 a0 fc ff 48 8b 4c 24 40 48
0x00007ffbeba401f3:   8b 44 24 48 4c 8b 89 e0 00 00 00 48 89 81 e0 00 


Stack slot to memory mapping:
stack at sp + 0 slots: 0x000000faeffff680 is pointing into the stack for thread: 0x000001fcfe883000
stack at sp + 1 slots: 0x0 is NULL
stack at sp + 2 slots: 0x0000000100006b80 is a pointer to class: 
java.lang.Thread {0x0000000100006b88}
stack at sp + 3 slots: 0x000000faeffff7a0 is pointing into the stack for thread: 0x000001fcfe883000
stack at sp + 4 slots: 0x000000faeffff800 is pointing into the stack for thread: 0x000001fcfe883000
stack at sp + 5 slots: 0x00007ffbeba0a2e5 jvm.dll
stack at sp + 6 slots: 0x00007ffc22b00000 mswsock.dll
stack at sp + 7 slots: 0x00007ffc22b112c4 mswsock.dll


---------------  P R O C E S S  ---------------

Threads class SMR info:
_java_thread_list=0x000001fcfc74e5f0, length=82, elements={
0x000001fce5a6a000, 0x000001fcfbbce800, 0x000001fcfbbd7800, 0x000001fcfc582800,
0x000001fcfbbe7800, 0x000001fcfbbeb800, 0x000001fcfbbf6000, 0x000001fcfbc05000,
0x000001fcfc698800, 0x000001fcfc6a2800, 0x000001fcfdb40800, 0x000001fcfde88800,
0x000001fcfe08f800, 0x000001fcfe08b800, 0x000001fcfdf70000, 0x000001fcfe34b000,
0x000001fcfe365000, 0x000001fcfe366800, 0x000001fcfe36d800, 0x000001fcfdf69800,
0x000001fcfe51a800, 0x000001fcfe519800, 0x000001fcfe519000, 0x000001fcfe51b800,
0x000001fcfe517000, 0x000001fcfe515800, 0x000001fcfe51c000, 0x000001fcfe516800,
0x000001fcfe518000, 0x000001fc8023b800, 0x000001fc8023d000, 0x000001fc8023e000,
0x000001fc8023f000, 0x000001fc80239000, 0x000001fc8023f800, 0x000001fc80240800,
0x000001fc8023a800, 0x000001fc80244800, 0x000001fc80243000, 0x000001fc80243800,
0x000001fc80241800, 0x000001fc80242000, 0x000001fc80245800, 0x000001fc80246000,
0x000001fc80247000, 0x000001fcfcb40800, 0x000001fcfcb3e000, 0x000001fcfcb42800,
0x000001fcfcb41800, 0x000001fcfcb43000, 0x000001fcfcb3d800, 0x000001fcfcb3f000,
0x000001fcfcb45800, 0x000001fcfcb44000, 0x000001fcfcb44800, 0x000001fcfcb40000,
0x000001fcfcb47000, 0x000001fcfcb4c000, 0x000001fcfcb46800, 0x000001fcfcb4a800,
0x000001fcfcb4b000, 0x000001fcfcb48000, 0x000001fcfcb49000, 0x000001fcfcb49800,
0x000001fcfe876000, 0x000001fcfe87b000, 0x000001fcfe875000, 0x000001fcfe877000,
0x000001fcfe87b800, 0x000001fcfe879800, 0x000001fcfe87c800, 0x000001fcfe87d800,
0x000001fcfe878800, 0x000001fcfe87a000, 0x000001fcfe877800, 0x000001fcfe87f000,
0x000001fcfe880000, 0x000001fcfe884000, 0x000001fcfe881800, 0x000001fcfe880800,
0x000001fcfe882800, 0x000001fcfe883000
}

Java Threads: ( => current thread )
  0x000001fce5a6a000 JavaThread "main" [_thread_blocked, id=5588, stack(0x000000faea200000,0x000000faea300000)]
  0x000001fcfbbce800 JavaThread "Reference Handler" daemon [_thread_blocked, id=16160, stack(0x000000faea900000,0x000000faeaa00000)]
  0x000001fcfbbd7800 JavaThread "Finalizer" daemon [_thread_blocked, id=16004, stack(0x000000faeaa00000,0x000000faeab00000)]
  0x000001fcfc582800 JavaThread "Signal Dispatcher" daemon [_thread_blocked, id=19116, stack(0x000000faeab00000,0x000000faeac00000)]
  0x000001fcfbbe7800 JavaThread "Attach Listener" daemon [_thread_blocked, id=8036, stack(0x000000faeac00000,0x000000faead00000)]
  0x000001fcfbbeb800 JavaThread "C2 CompilerThread0" daemon [_thread_blocked, id=10572, stack(0x000000faead00000,0x000000faeae00000)]
  0x000001fcfbbf6000 JavaThread "C1 CompilerThread0" daemon [_thread_blocked, id=17456, stack(0x000000faeae00000,0x000000faeaf00000)]
  0x000001fcfbc05000 JavaThread "Sweeper thread" daemon [_thread_blocked, id=17980, stack(0x000000faeaf00000,0x000000faeb000000)]
  0x000001fcfc698800 JavaThread "Common-Cleaner" daemon [_thread_blocked, id=17808, stack(0x000000faeb000000,0x000000faeb100000)]
  0x000001fcfc6a2800 JavaThread "Service Thread" daemon [_thread_blocked, id=17312, stack(0x000000faeb100000,0x000000faeb200000)]
  0x000001fcfdb40800 JavaThread "Daemon health stats" [_thread_blocked, id=14852, stack(0x000000faeb300000,0x000000faeb400000)]
  0x000001fcfde88800 JavaThread "Incoming local TCP Connector on port 51305" [_thread_in_native, id=13132, stack(0x000000faeb800000,0x000000faeb900000)]
  0x000001fcfe08f800 JavaThread "Daemon periodic checks" [_thread_blocked, id=16940, stack(0x000000faeb900000,0x000000faeba00000)]
  0x000001fcfe08b800 JavaThread "Daemon" [_thread_blocked, id=16224, stack(0x000000faeba00000,0x000000faebb00000)]
  0x000001fcfdf70000 JavaThread "Handler for socket connection from /127.0.0.1:51305 to /127.0.0.1:51306" [_thread_in_native, id=16200, stack(0x000000faebb00000,0x000000faebc00000)]
  0x000001fcfe34b000 JavaThread "Cancel handler" [_thread_blocked, id=6268, stack(0x000000faebc00000,0x000000faebd00000)]
  0x000001fcfe365000 JavaThread "Daemon worker" [_thread_blocked, id=15500, stack(0x000000faebd00000,0x000000faebe00000)]
  0x000001fcfe366800 JavaThread "Asynchronous log dispatcher for DefaultDaemonConnection: socket connection from /127.0.0.1:51305 to /127.0.0.1:51306" [_thread_blocked, id=19372, stack(0x000000faebe00000,0x000000faebf00000)]
  0x000001fcfe36d800 JavaThread "Stdin handler" [_thread_blocked, id=14856, stack(0x000000faebf00000,0x000000faec000000)]
  0x000001fcfdf69800 JavaThread "Thread-8" [_thread_blocked, id=280, stack(0x000000faec000000,0x000000faec100000)]
  0x000001fcfe51a800 JavaThread "Cache worker for journal cache (C:\Users\User\.gradle\caches\journal-1)" [_thread_blocked, id=16956, stack(0x000000faec200000,0x000000faec300000)]
  0x000001fcfe519800 JavaThread "File lock request listener" [_thread_in_native, id=10564, stack(0x000000faec300000,0x000000faec400000)]
  0x000001fcfe519000 JavaThread "Cache worker for file hash cache (C:\Users\User\.gradle\caches\6.5\fileHashes)" [_thread_blocked, id=16116, stack(0x000000faec400000,0x000000faec500000)]
  0x000001fcfe51b800 JavaThread "Cache worker for file hash cache (E:\AndroidProjects\MyWork\.gradle\6.5\fileHashes)" [_thread_blocked, id=9628, stack(0x000000faec500000,0x000000faec600000)]
  0x000001fcfe517000 JavaThread "Cache worker for checksums cache (E:\AndroidProjects\MyWork\.gradle\checksums)" [_thread_blocked, id=14256, stack(0x000000faec600000,0x000000faec700000)]
  0x000001fcfe515800 JavaThread "Cache worker for cache directory md-supplier (C:\Users\User\.gradle\caches\6.5\md-supplier)" [_thread_blocked, id=16180, stack(0x000000faec700000,0x000000faec800000)]
  0x000001fcfe51c000 JavaThread "Cache worker for cache directory md-rule (C:\Users\User\.gradle\caches\6.5\md-rule)" [_thread_blocked, id=3608, stack(0x000000faec900000,0x000000faeca00000)]
  0x000001fcfe516800 JavaThread "Cache worker for execution history cache (C:\Users\User\.gradle\caches\6.5\executionHistory)" [_thread_blocked, id=9952, stack(0x000000faeca00000,0x000000faecb00000)]
  0x000001fcfe518000 JavaThread "jar transforms" [_thread_blocked, id=9836, stack(0x000000faec800000,0x000000faec900000)]
  0x000001fc8023b800 JavaThread "Cache worker for file content cache (C:\Users\User\.gradle\caches\6.5\fileContent)" [_thread_blocked, id=16820, stack(0x000000faecb00000,0x000000faecc00000)]
  0x000001fc8023d000 JavaThread "Build operations" [_thread_blocked, id=8744, stack(0x000000faecc00000,0x000000faecd00000)]
  0x000001fc8023e000 JavaThread "Build operations Thread 2" [_thread_blocked, id=18796, stack(0x000000faecd00000,0x000000faece00000)]
  0x000001fc8023f000 JavaThread "Build operations Thread 3" [_thread_blocked, id=5608, stack(0x000000faece00000,0x000000faecf00000)]
  0x000001fc80239000 JavaThread "Build operations Thread 4" [_thread_blocked, id=18616, stack(0x000000faecf00000,0x000000faed000000)]
  0x000001fc8023f800 JavaThread "jar transforms Thread 2" [_thread_blocked, id=18752, stack(0x000000faed000000,0x000000faed100000)]
  0x000001fc80240800 JavaThread "jar transforms Thread 3" [_thread_blocked, id=18180, stack(0x000000faed100000,0x000000faed200000)]
  0x000001fc8023a800 JavaThread "jar transforms Thread 4" [_thread_blocked, id=16532, stack(0x000000faed200000,0x000000faed300000)]
  0x000001fc80244800 JavaThread "jar transforms Thread 5" [_thread_blocked, id=17096, stack(0x000000faed300000,0x000000faed400000)]
  0x000001fc80243000 JavaThread "jar transforms Thread 6" [_thread_blocked, id=19276, stack(0x000000faed400000,0x000000faed500000)]
  0x000001fc80243800 JavaThread "jar transforms Thread 7" [_thread_blocked, id=1200, stack(0x000000faed500000,0x000000faed600000)]
  0x000001fc80241800 JavaThread "jar transforms Thread 8" [_thread_blocked, id=18460, stack(0x000000faed600000,0x000000faed700000)]
  0x000001fc80242000 JavaThread "jar transforms Thread 9" [_thread_blocked, id=16340, stack(0x000000faed700000,0x000000faed800000)]
  0x000001fc80245800 JavaThread "jar transforms Thread 10" [_thread_blocked, id=18080, stack(0x000000faed800000,0x000000faed900000)]
  0x000001fc80246000 JavaThread "jar transforms Thread 11" [_thread_blocked, id=18120, stack(0x000000faed900000,0x000000faeda00000)]
  0x000001fc80247000 JavaThread "jar transforms Thread 12" [_thread_blocked, id=6096, stack(0x000000faeda00000,0x000000faedb00000)]
  0x000001fcfcb40800 JavaThread "jar transforms Thread 13" [_thread_blocked, id=17040, stack(0x000000faedb00000,0x000000faedc00000)]
  0x000001fcfcb3e000 JavaThread "jar transforms Thread 14" [_thread_blocked, id=18524, stack(0x000000faedc00000,0x000000faedd00000)]
  0x000001fcfcb42800 JavaThread "jar transforms Thread 15" [_thread_blocked, id=6840, stack(0x000000faedd00000,0x000000faede00000)]
  0x000001fcfcb41800 JavaThread "jar transforms Thread 16" [_thread_blocked, id=18108, stack(0x000000faede00000,0x000000faedf00000)]
  0x000001fcfcb43000 JavaThread "jar transforms Thread 17" [_thread_blocked, id=17572, stack(0x000000faedf00000,0x000000faee000000)]
  0x000001fcfcb3d800 JavaThread "jar transforms Thread 18" [_thread_blocked, id=13908, stack(0x000000faee000000,0x000000faee100000)]
  0x000001fcfcb3f000 JavaThread "jar transforms Thread 19" [_thread_blocked, id=17000, stack(0x000000faee100000,0x000000faee200000)]
  0x000001fcfcb45800 JavaThread "jar transforms Thread 20" [_thread_blocked, id=14008, stack(0x000000faee200000,0x000000faee300000)]
  0x000001fcfcb44000 JavaThread "jar transforms Thread 21" [_thread_blocked, id=2520, stack(0x000000faee300000,0x000000faee400000)]
  0x000001fcfcb44800 JavaThread "jar transforms Thread 22" [_thread_blocked, id=18488, stack(0x000000faee400000,0x000000faee500000)]
  0x000001fcfcb40000 JavaThread "jar transforms Thread 23" [_thread_blocked, id=9712, stack(0x000000faee500000,0x000000faee600000)]
  0x000001fcfcb47000 JavaThread "jar transforms Thread 24" [_thread_blocked, id=15280, stack(0x000000faee600000,0x000000faee700000)]
  0x000001fcfcb4c000 JavaThread "jar transforms Thread 25" [_thread_blocked, id=14140, stack(0x000000faee700000,0x000000faee800000)]
  0x000001fcfcb46800 JavaThread "jar transforms Thread 26" [_thread_blocked, id=18540, stack(0x000000faee800000,0x000000faee900000)]
  0x000001fcfcb4a800 JavaThread "jar transforms Thread 27" [_thread_blocked, id=19204, stack(0x000000faee900000,0x000000faeea00000)]
  0x000001fcfcb4b000 JavaThread "jar transforms Thread 28" [_thread_blocked, id=16096, stack(0x000000faeea00000,0x000000faeeb00000)]
  0x000001fcfcb48000 JavaThread "jar transforms Thread 29" [_thread_blocked, id=14924, stack(0x000000faeeb00000,0x000000faeec00000)]
  0x000001fcfcb49000 JavaThread "jar transforms Thread 30" [_thread_blocked, id=17264, stack(0x000000faeec00000,0x000000faeed00000)]
  0x000001fcfcb49800 JavaThread "jar transforms Thread 31" [_thread_blocked, id=13772, stack(0x000000faeed00000,0x000000faeee00000)]
  0x000001fcfe876000 JavaThread "jar transforms Thread 32" [_thread_blocked, id=16880, stack(0x000000faeee00000,0x000000faeef00000)]
  0x000001fcfe87b000 JavaThread "jar transforms Thread 33" [_thread_blocked, id=11216, stack(0x000000faeef00000,0x000000faef000000)]
  0x000001fcfe875000 JavaThread "jar transforms Thread 34" [_thread_blocked, id=16080, stack(0x000000faef000000,0x000000faef100000)]
  0x000001fcfe877000 JavaThread "jar transforms Thread 35" [_thread_blocked, id=3228, stack(0x000000faef100000,0x000000faef200000)]
  0x000001fcfe87b800 JavaThread "jar transforms Thread 36" [_thread_blocked, id=13924, stack(0x000000faef200000,0x000000faef300000)]
  0x000001fcfe879800 JavaThread "jar transforms Thread 37" [_thread_blocked, id=9928, stack(0x000000faef300000,0x000000faef400000)]
  0x000001fcfe87c800 JavaThread "jar transforms Thread 38" [_thread_blocked, id=944, stack(0x000000faef400000,0x000000faef500000)]
  0x000001fcfe87d800 JavaThread "jar transforms Thread 39" [_thread_blocked, id=14448, stack(0x000000faef500000,0x000000faef600000)]
  0x000001fcfe878800 JavaThread "jar transforms Thread 40" [_thread_blocked, id=10728, stack(0x000000faef600000,0x000000faef700000)]
  0x000001fcfe87a000 JavaThread "jar transforms Thread 41" [_thread_blocked, id=11748, stack(0x000000faef700000,0x000000faef800000)]
  0x000001fcfe877800 JavaThread "jar transforms Thread 42" [_thread_blocked, id=17208, stack(0x000000faef800000,0x000000faef900000)]
  0x000001fcfe87f000 JavaThread "jar transforms Thread 43" [_thread_blocked, id=5528, stack(0x000000faef900000,0x000000faefa00000)]
  0x000001fcfe880000 JavaThread "jar transforms Thread 44" [_thread_blocked, id=17824, stack(0x000000faefa00000,0x000000faefb00000)]
  0x000001fcfe884000 JavaThread "jar transforms Thread 45" [_thread_blocked, id=15736, stack(0x000000faefb00000,0x000000faefc00000)]
  0x000001fcfe881800 JavaThread "jar transforms Thread 46" [_thread_blocked, id=15700, stack(0x000000faefc00000,0x000000faefd00000)]
  0x000001fcfe880800 JavaThread "jar transforms Thread 47" [_thread_blocked, id=15816, stack(0x000000faefd00000,0x000000faefe00000)]
  0x000001fcfe882800 JavaThread "jar transforms Thread 48" [_thread_blocked, id=19068, stack(0x000000faefe00000,0x000000faeff00000)]
=>0x000001fcfe883000 JavaThread "jar transforms Thread 49" [_thread_in_vm, id=17928, stack(0x000000faeff00000,0x000000faf0000000)]

Other Threads:
  0x000001fcfbba7000 VMThread "VM Thread" [stack: 0x000000faea800000,0x000000faea900000] [id=5328]
  0x000001fcfc6a3800 WatcherThread [stack: 0x000000faeb200000,0x000000faeb300000] [id=15256]
  0x000001fce5a83800 GCTaskThread "GC Thread#0" [stack: 0x000000faea300000,0x000000faea400000] [id=11744]
  0x000001fcfc8d1000 GCTaskThread "GC Thread#1" [stack: 0x000000faeb400000,0x000000faeb500000] [id=11612]
  0x000001fcfce1a000 GCTaskThread "GC Thread#2" [stack: 0x000000faeb500000,0x000000faeb600000] [id=19388]
  0x000001fcfe5ab800 GCTaskThread "GC Thread#3" [stack: 0x000000faec100000,0x000000faec200000] [id=15028]
  0x000001fce5a94800 ConcurrentGCThread "G1 Main Marker" [stack: 0x000000faea400000,0x000000faea500000] [id=10260]
  0x000001fce5a9b000 ConcurrentGCThread "G1 Conc#0" [stack: 0x000000faea500000,0x000000faea600000] [id=17932]
  0x000001fce5b25000 ConcurrentGCThread "G1 Refine#0" [stack: 0x000000faea600000,0x000000faea700000] [id=14180]
  0x000001fce5b26000 ConcurrentGCThread "G1 Young RemSet Sampling" [stack: 0x000000faea700000,0x000000faea800000] [id=16032]

Threads with active compile tasks:
C2 CompilerThread0  35965 4130       4       java.util.zip.ZipEntry::<init> (74 bytes)

VM state:synchronizing (normal execution)

VM Mutex/Monitor currently owned by a thread:  ([mutex/lock_event])
[0x000001fce5a682b0] Threads_lock - owner thread: 0x000001fcfbba7000
[0x000001fce5a67c80] Compile_lock - owner thread: 0x000001fcfe365000

OutOfMemory and StackOverflow Exception counts:
OutOfMemoryError java_heap_errors=1
LinkageErrors=76

Heap address: 0x00000000e0000000, size: 512 MB, Compressed Oops mode: 32-bit
Narrow klass base: 0x0000000000000000, Narrow klass shift: 3
Compressed class space size: 1073741824 Address: 0x0000000100000000

Heap:
 garbage-first heap   total 131072K, used 67133K [0x00000000e0000000, 0x0000000100000000)
  region size 1024K, 50 young (51200K), 7 survivors (7168K)
 Metaspace       used 43367K, capacity 44380K, committed 44536K, reserved 1087488K
  class space    used 5547K, capacity 5892K, committed 5964K, reserved 1048576K
Heap Regions: E=young(eden), S=young(survivor), O=old, HS=humongous(starts), HC=humongous(continues), CS=collection set, F=free, A=archive, TAMS=top-at-mark-start (previous, next)
|   0|0x00000000e0000000, 0x00000000e0100000, 0x00000000e0100000|100%| O|  |TAMS 0x00000000e0100000, 0x00000000e0000000| Untracked 
|   1|0x00000000e0100000, 0x00000000e0200000, 0x00000000e0200000|100%| O|  |TAMS 0x00000000e0200000, 0x00000000e0100000| Untracked 
|   2|0x00000000e0200000, 0x00000000e0300000, 0x00000000e0300000|100%| O|  |TAMS 0x00000000e0300000, 0x00000000e0200000| Untracked 
|   3|0x00000000e0300000, 0x00000000e0400000, 0x00000000e0400000|100%|HS|  |TAMS 0x00000000e0400000, 0x00000000e0300000| Complete 
|   4|0x00000000e0400000, 0x00000000e0500000, 0x00000000e0500000|100%|HC|  |TAMS 0x00000000e0500000, 0x00000000e0400000| Complete 
|   5|0x00000000e0500000, 0x00000000e0600000, 0x00000000e0600000|100%|HC|  |TAMS 0x00000000e0600000, 0x00000000e0500000| Complete 
|   6|0x00000000e0600000, 0x00000000e0700000, 0x00000000e0700000|100%| O|  |TAMS 0x00000000e0700000, 0x00000000e0600000| Untracked 
|   7|0x00000000e0700000, 0x00000000e0800000, 0x00000000e0800000|100%| O|  |TAMS 0x00000000e0800000, 0x00000000e0700000| Untracked 
|   8|0x00000000e0800000, 0x00000000e0900000, 0x00000000e0900000|100%| O|  |TAMS 0x00000000e0900000, 0x00000000e0800000| Untracked 
|   9|0x00000000e0900000, 0x00000000e0a00000, 0x00000000e0a00000|100%| O|  |TAMS 0x00000000e0a00000, 0x00000000e0900000| Untracked 
|  10|0x00000000e0a00000, 0x00000000e0b00000, 0x00000000e0b00000|100%| O|  |TAMS 0x00000000e0b00000, 0x00000000e0a00000| Untracked 
|  11|0x00000000e0b00000, 0x00000000e0c00000, 0x00000000e0c00000|100%| O|  |TAMS 0x00000000e0c00000, 0x00000000e0b00000| Untracked 
|  12|0x00000000e0c00000, 0x00000000e0d00000, 0x00000000e0d00000|100%| O|  |TAMS 0x00000000e0d00000, 0x00000000e0c00000| Untracked 
|  13|0x00000000e0d00000, 0x00000000e0e00000, 0x00000000e0e00000|100%| O|  |TAMS 0x00000000e0e00000, 0x00000000e0d00000| Untracked 
|  14|0x00000000e0e00000, 0x00000000e0f00000, 0x00000000e0f00000|100%| O|  |TAMS 0x00000000e0f00000, 0x00000000e0e00000| Untracked 
|  15|0x00000000e0f00000, 0x00000000e1000000, 0x00000000e1000000|100%| O|  |TAMS 0x00000000e0f9ec00, 0x00000000e0f00000| Untracked 
|  16|0x00000000e1000000, 0x00000000e1000000, 0x00000000e1100000|  0%| F|  |TAMS 0x00000000e1000000, 0x00000000e1000000| Untracked 
|  17|0x00000000e1100000, 0x00000000e1100000, 0x00000000e1200000|  0%| F|  |TAMS 0x00000000e1100000, 0x00000000e1100000| Untracked 
|  18|0x00000000e1200000, 0x00000000e1200000, 0x00000000e1300000|  0%| F|  |TAMS 0x00000000e1200000, 0x00000000e1200000| Untracked 
|  19|0x00000000e1300000, 0x00000000e1400000, 0x00000000e1400000|100%| O|  |TAMS 0x00000000e1300000, 0x00000000e1300000| Untracked 
|  20|0x00000000e1400000, 0x00000000e14d8a00, 0x00000000e1500000| 84%| O|  |TAMS 0x00000000e1400000, 0x00000000e1400000| Untracked 
|  21|0x00000000e1500000, 0x00000000e1500000, 0x00000000e1600000|  0%| F|  |TAMS 0x00000000e1500000, 0x00000000e1500000| Untracked 
|  22|0x00000000e1600000, 0x00000000e1600000, 0x00000000e1700000|  0%| F|  |TAMS 0x00000000e1600000, 0x00000000e1600000| Untracked 
|  23|0x00000000e1700000, 0x00000000e1700000, 0x00000000e1800000|  0%| F|  |TAMS 0x00000000e1700000, 0x00000000e1700000| Untracked 
|  24|0x00000000e1800000, 0x00000000e1800000, 0x00000000e1900000|  0%| F|  |TAMS 0x00000000e1800000, 0x00000000e1800000| Untracked 
|  25|0x00000000e1900000, 0x00000000e1900000, 0x00000000e1a00000|  0%| F|  |TAMS 0x00000000e1900000, 0x00000000e1900000| Untracked 
|  26|0x00000000e1a00000, 0x00000000e1a00000, 0x00000000e1b00000|  0%| F|  |TAMS 0x00000000e1a00000, 0x00000000e1a00000| Untracked 
|  27|0x00000000e1b00000, 0x00000000e1b00000, 0x00000000e1c00000|  0%| F|  |TAMS 0x00000000e1b00000, 0x00000000e1b00000| Untracked 
|  28|0x00000000e1c00000, 0x00000000e1c00000, 0x00000000e1d00000|  0%| F|  |TAMS 0x00000000e1c00000, 0x00000000e1c00000| Untracked 
|  29|0x00000000e1d00000, 0x00000000e1d00000, 0x00000000e1e00000|  0%| F|  |TAMS 0x00000000e1d00000, 0x00000000e1d00000| Untracked 
|  30|0x00000000e1e00000, 0x00000000e1e00000, 0x00000000e1f00000|  0%| F|  |TAMS 0x00000000e1e00000, 0x00000000e1e00000| Untracked 
|  31|0x00000000e1f00000, 0x00000000e1f00000, 0x00000000e2000000|  0%| F|  |TAMS 0x00000000e1f00000, 0x00000000e1f00000| Untracked 
|  32|0x00000000e2000000, 0x00000000e2000000, 0x00000000e2100000|  0%| F|  |TAMS 0x00000000e2000000, 0x00000000e2000000| Untracked 
|  33|0x00000000e2100000, 0x00000000e2100000, 0x00000000e2200000|  0%| F|  |TAMS 0x00000000e2100000, 0x00000000e2100000| Untracked 
|  34|0x00000000e2200000, 0x00000000e2200000, 0x00000000e2300000|  0%| F|  |TAMS 0x00000000e2200000, 0x00000000e2200000| Untracked 
|  35|0x00000000e2300000, 0x00000000e2300000, 0x00000000e2400000|  0%| F|  |TAMS 0x00000000e2300000, 0x00000000e2300000| Untracked 
|  36|0x00000000e2400000, 0x00000000e2400000, 0x00000000e2500000|  0%| F|  |TAMS 0x00000000e2400000, 0x00000000e2400000| Untracked 
|  37|0x00000000e2500000, 0x00000000e2500000, 0x00000000e2600000|  0%| F|  |TAMS 0x00000000e2500000, 0x00000000e2500000| Untracked 
|  38|0x00000000e2600000, 0x00000000e2600000, 0x00000000e2700000|  0%| F|  |TAMS 0x00000000e2600000, 0x00000000e2600000| Untracked 
|  39|0x00000000e2700000, 0x00000000e2700000, 0x00000000e2800000|  0%| F|  |TAMS 0x00000000e2700000, 0x00000000e2700000| Untracked 
|  40|0x00000000e2800000, 0x00000000e2800000, 0x00000000e2900000|  0%| F|  |TAMS 0x00000000e2800000, 0x00000000e2800000| Untracked 
|  41|0x00000000e2900000, 0x00000000e2900000, 0x00000000e2a00000|  0%| F|  |TAMS 0x00000000e2900000, 0x00000000e2900000| Untracked 
|  42|0x00000000e2a00000, 0x00000000e2a00000, 0x00000000e2b00000|  0%| F|  |TAMS 0x00000000e2a00000, 0x00000000e2a00000| Untracked 
|  43|0x00000000e2b00000, 0x00000000e2b00000, 0x00000000e2c00000|  0%| F|  |TAMS 0x00000000e2b00000, 0x00000000e2b00000| Untracked 
|  44|0x00000000e2c00000, 0x00000000e2c00000, 0x00000000e2d00000|  0%| F|  |TAMS 0x00000000e2c00000, 0x00000000e2c00000| Untracked 
|  45|0x00000000e2d00000, 0x00000000e2d00000, 0x00000000e2e00000|  0%| F|  |TAMS 0x00000000e2d00000, 0x00000000e2d00000| Untracked 
|  46|0x00000000e2e00000, 0x00000000e2e00000, 0x00000000e2f00000|  0%| F|  |TAMS 0x00000000e2e00000, 0x00000000e2e00000| Untracked 
|  47|0x00000000e2f00000, 0x00000000e2f00000, 0x00000000e3000000|  0%| F|  |TAMS 0x00000000e2f00000, 0x00000000e2f00000| Untracked 
|  48|0x00000000e3000000, 0x00000000e3000000, 0x00000000e3100000|  0%| F|  |TAMS 0x00000000e3000000, 0x00000000e3000000| Untracked 
|  49|0x00000000e3100000, 0x00000000e3100000, 0x00000000e3200000|  0%| F|  |TAMS 0x00000000e3100000, 0x00000000e3100000| Untracked 
|  50|0x00000000e3200000, 0x00000000e3200000, 0x00000000e3300000|  0%| F|  |TAMS 0x00000000e3200000, 0x00000000e3200000| Untracked 
|  51|0x00000000e3300000, 0x00000000e3300000, 0x00000000e3400000|  0%| F|  |TAMS 0x00000000e3300000, 0x00000000e3300000| Untracked 
|  52|0x00000000e3400000, 0x00000000e3400000, 0x00000000e3500000|  0%| F|  |TAMS 0x00000000e3400000, 0x00000000e3400000| Untracked 
|  53|0x00000000e3500000, 0x00000000e3500000, 0x00000000e3600000|  0%| F|  |TAMS 0x00000000e3500000, 0x00000000e3500000| Untracked 
|  54|0x00000000e3600000, 0x00000000e3600000, 0x00000000e3700000|  0%| F|  |TAMS 0x00000000e3600000, 0x00000000e3600000| Untracked 
|  55|0x00000000e3700000, 0x00000000e3700000, 0x00000000e3800000|  0%| F|  |TAMS 0x00000000e3700000, 0x00000000e3700000| Untracked 
|  56|0x00000000e3800000, 0x00000000e3800000, 0x00000000e3900000|  0%| F|  |TAMS 0x00000000e3800000, 0x00000000e3800000| Untracked 
|  57|0x00000000e3900000, 0x00000000e39b6b50, 0x00000000e3a00000| 71%| S|CS|TAMS 0x00000000e3900000, 0x00000000e3900000| Complete 
|  58|0x00000000e3a00000, 0x00000000e3b00000, 0x00000000e3b00000|100%| S|CS|TAMS 0x00000000e3a00000, 0x00000000e3a00000| Complete 
|  59|0x00000000e3b00000, 0x00000000e3c00000, 0x00000000e3c00000|100%| S|CS|TAMS 0x00000000e3b00000, 0x00000000e3b00000| Complete 
|  60|0x00000000e3c00000, 0x00000000e3d00000, 0x00000000e3d00000|100%| S|CS|TAMS 0x00000000e3c00000, 0x00000000e3c00000| Complete 
|  61|0x00000000e3d00000, 0x00000000e3e00000, 0x00000000e3e00000|100%| S|CS|TAMS 0x00000000e3d00000, 0x00000000e3d00000| Complete 
|  62|0x00000000e3e00000, 0x00000000e3f00000, 0x00000000e3f00000|100%| S|CS|TAMS 0x00000000e3e00000, 0x00000000e3e00000| Complete 
|  63|0x00000000e3f00000, 0x00000000e4000000, 0x00000000e4000000|100%| S|CS|TAMS 0x00000000e3f00000, 0x00000000e3f00000| Complete 
|  64|0x00000000e4000000, 0x00000000e4000000, 0x00000000e4100000|  0%| F|  |TAMS 0x00000000e4000000, 0x00000000e4000000| Untracked 
|  65|0x00000000e4100000, 0x00000000e4100000, 0x00000000e4200000|  0%| F|  |TAMS 0x00000000e4100000, 0x00000000e4100000| Untracked 
|  66|0x00000000e4200000, 0x00000000e4200000, 0x00000000e4300000|  0%| F|  |TAMS 0x00000000e4200000, 0x00000000e4200000| Untracked 
|  67|0x00000000e4300000, 0x00000000e4300000, 0x00000000e4400000|  0%| F|  |TAMS 0x00000000e4300000, 0x00000000e4300000| Untracked 
|  68|0x00000000e4400000, 0x00000000e4400000, 0x00000000e4500000|  0%| F|  |TAMS 0x00000000e4400000, 0x00000000e4400000| Untracked 
|  69|0x00000000e4500000, 0x00000000e4500000, 0x00000000e4600000|  0%| F|  |TAMS 0x00000000e4500000, 0x00000000e4500000| Untracked 
|  70|0x00000000e4600000, 0x00000000e4600000, 0x00000000e4700000|  0%| F|  |TAMS 0x00000000e4600000, 0x00000000e4600000| Untracked 
|  71|0x00000000e4700000, 0x00000000e4700000, 0x00000000e4800000|  0%| F|  |TAMS 0x00000000e4700000, 0x00000000e4700000| Untracked 
|  72|0x00000000e4800000, 0x00000000e4800000, 0x00000000e4900000|  0%| F|  |TAMS 0x00000000e4800000, 0x00000000e4800000| Untracked 
|  73|0x00000000e4900000, 0x00000000e4900000, 0x00000000e4a00000|  0%| F|  |TAMS 0x00000000e4900000, 0x00000000e4900000| Untracked 
|  74|0x00000000e4a00000, 0x00000000e4a00000, 0x00000000e4b00000|  0%| F|  |TAMS 0x00000000e4a00000, 0x00000000e4a00000| Untracked 
|  75|0x00000000e4b00000, 0x00000000e4b00000, 0x00000000e4c00000|  0%| F|  |TAMS 0x00000000e4b00000, 0x00000000e4b00000| Untracked 
|  76|0x00000000e4c00000, 0x00000000e4c00000, 0x00000000e4d00000|  0%| F|  |TAMS 0x00000000e4c00000, 0x00000000e4c00000| Untracked 
|  77|0x00000000e4d00000, 0x00000000e4d00000, 0x00000000e4e00000|  0%| F|  |TAMS 0x00000000e4d00000, 0x00000000e4d00000| Untracked 
|  78|0x00000000e4e00000, 0x00000000e4e00000, 0x00000000e4f00000|  0%| F|  |TAMS 0x00000000e4e00000, 0x00000000e4e00000| Untracked 
|  79|0x00000000e4f00000, 0x00000000e4f00000, 0x00000000e5000000|  0%| F|  |TAMS 0x00000000e4f00000, 0x00000000e4f00000| Untracked 
|  80|0x00000000e5000000, 0x00000000e5000000, 0x00000000e5100000|  0%| F|  |TAMS 0x00000000e5000000, 0x00000000e5000000| Untracked 
|  81|0x00000000e5100000, 0x00000000e5100000, 0x00000000e5200000|  0%| F|  |TAMS 0x00000000e5100000, 0x00000000e5100000| Untracked 
|  82|0x00000000e5200000, 0x00000000e5200000, 0x00000000e5300000|  0%| F|  |TAMS 0x00000000e5200000, 0x00000000e5200000| Untracked 
|  83|0x00000000e5300000, 0x00000000e5300000, 0x00000000e5400000|  0%| F|  |TAMS 0x00000000e5300000, 0x00000000e5300000| Untracked 
|  84|0x00000000e5400000, 0x00000000e5400000, 0x00000000e5500000|  0%| F|  |TAMS 0x00000000e5400000, 0x00000000e5400000| Untracked 
|  85|0x00000000e5500000, 0x00000000e5580800, 0x00000000e5600000| 50%| E|  |TAMS 0x00000000e5500000, 0x00000000e5500000| Complete 
|  86|0x00000000e5600000, 0x00000000e5700000, 0x00000000e5700000|100%| E|CS|TAMS 0x00000000e5600000, 0x00000000e5600000| Complete 
|  87|0x00000000e5700000, 0x00000000e5800000, 0x00000000e5800000|100%| E|  |TAMS 0x00000000e5700000, 0x00000000e5700000| Complete 
|  88|0x00000000e5800000, 0x00000000e5900000, 0x00000000e5900000|100%| E|CS|TAMS 0x00000000e5800000, 0x00000000e5800000| Complete 
|  89|0x00000000e5900000, 0x00000000e5a00000, 0x00000000e5a00000|100%| E|CS|TAMS 0x00000000e5900000, 0x00000000e5900000| Complete 
|  90|0x00000000e5a00000, 0x00000000e5b00000, 0x00000000e5b00000|100%| E|CS|TAMS 0x00000000e5a00000, 0x00000000e5a00000| Complete 
|  91|0x00000000e5b00000, 0x00000000e5c00000, 0x00000000e5c00000|100%| E|CS|TAMS 0x00000000e5b00000, 0x00000000e5b00000| Complete 
|  92|0x00000000e5c00000, 0x00000000e5d00000, 0x00000000e5d00000|100%| E|CS|TAMS 0x00000000e5c00000, 0x00000000e5c00000| Complete 
|  93|0x00000000e5d00000, 0x00000000e5e00000, 0x00000000e5e00000|100%| E|CS|TAMS 0x00000000e5d00000, 0x00000000e5d00000| Complete 
|  94|0x00000000e5e00000, 0x00000000e5f00000, 0x00000000e5f00000|100%| E|CS|TAMS 0x00000000e5e00000, 0x00000000e5e00000| Complete 
|  95|0x00000000e5f00000, 0x00000000e6000000, 0x00000000e6000000|100%| E|CS|TAMS 0x00000000e5f00000, 0x00000000e5f00000| Complete 
|  96|0x00000000e6000000, 0x00000000e6100000, 0x00000000e6100000|100%| E|CS|TAMS 0x00000000e6000000, 0x00000000e6000000| Complete 
|  97|0x00000000e6100000, 0x00000000e6200000, 0x00000000e6200000|100%| E|CS|TAMS 0x00000000e6100000, 0x00000000e6100000| Complete 
|  98|0x00000000e6200000, 0x00000000e6300000, 0x00000000e6300000|100%| E|CS|TAMS 0x00000000e6200000, 0x00000000e6200000| Complete 
|  99|0x00000000e6300000, 0x00000000e6400000, 0x00000000e6400000|100%| E|CS|TAMS 0x00000000e6300000, 0x00000000e6300000| Complete 
| 100|0x00000000e6400000, 0x00000000e6500000, 0x00000000e6500000|100%| E|CS|TAMS 0x00000000e6400000, 0x00000000e6400000| Complete 
| 101|0x00000000e6500000, 0x00000000e6600000, 0x00000000e6600000|100%| E|CS|TAMS 0x00000000e6500000, 0x00000000e6500000| Complete 
| 102|0x00000000e6600000, 0x00000000e6700000, 0x00000000e6700000|100%| E|CS|TAMS 0x00000000e6600000, 0x00000000e6600000| Complete 
| 103|0x00000000e6700000, 0x00000000e6800000, 0x00000000e6800000|100%| E|CS|TAMS 0x00000000e6700000, 0x00000000e6700000| Complete 
| 104|0x00000000e6800000, 0x00000000e6900000, 0x00000000e6900000|100%| E|CS|TAMS 0x00000000e6800000, 0x00000000e6800000| Complete 
| 105|0x00000000e6900000, 0x00000000e6a00000, 0x00000000e6a00000|100%| E|CS|TAMS 0x00000000e6900000, 0x00000000e6900000| Complete 
| 106|0x00000000e6a00000, 0x00000000e6b00000, 0x00000000e6b00000|100%| E|CS|TAMS 0x00000000e6a00000, 0x00000000e6a00000| Complete 
| 107|0x00000000e6b00000, 0x00000000e6c00000, 0x00000000e6c00000|100%| E|CS|TAMS 0x00000000e6b00000, 0x00000000e6b00000| Complete 
| 108|0x00000000e6c00000, 0x00000000e6d00000, 0x00000000e6d00000|100%| E|CS|TAMS 0x00000000e6c00000, 0x00000000e6c00000| Complete 
| 109|0x00000000e6d00000, 0x00000000e6e00000, 0x00000000e6e00000|100%| E|CS|TAMS 0x00000000e6d00000, 0x00000000e6d00000| Complete 
| 110|0x00000000e6e00000, 0x00000000e6f00000, 0x00000000e6f00000|100%| E|CS|TAMS 0x00000000e6e00000, 0x00000000e6e00000| Complete 
| 111|0x00000000e6f00000, 0x00000000e7000000, 0x00000000e7000000|100%| E|CS|TAMS 0x00000000e6f00000, 0x00000000e6f00000| Complete 
| 112|0x00000000e7000000, 0x00000000e7100000, 0x00000000e7100000|100%| E|CS|TAMS 0x00000000e7000000, 0x00000000e7000000| Complete 
| 113|0x00000000e7100000, 0x00000000e7200000, 0x00000000e7200000|100%| E|CS|TAMS 0x00000000e7100000, 0x00000000e7100000| Complete 
| 114|0x00000000e7200000, 0x00000000e7300000, 0x00000000e7300000|100%| E|CS|TAMS 0x00000000e7200000, 0x00000000e7200000| Complete 
| 115|0x00000000e7300000, 0x00000000e7400000, 0x00000000e7400000|100%| E|CS|TAMS 0x00000000e7300000, 0x00000000e7300000| Complete 
| 116|0x00000000e7400000, 0x00000000e7500000, 0x00000000e7500000|100%| E|CS|TAMS 0x00000000e7400000, 0x00000000e7400000| Complete 
| 117|0x00000000e7500000, 0x00000000e7600000, 0x00000000e7600000|100%| E|CS|TAMS 0x00000000e7500000, 0x00000000e7500000| Complete 
| 118|0x00000000e7600000, 0x00000000e7700000, 0x00000000e7700000|100%| E|CS|TAMS 0x00000000e7600000, 0x00000000e7600000| Complete 
| 119|0x00000000e7700000, 0x00000000e7800000, 0x00000000e7800000|100%| E|CS|TAMS 0x00000000e7700000, 0x00000000e7700000| Complete 
| 120|0x00000000e7800000, 0x00000000e7900000, 0x00000000e7900000|100%| E|CS|TAMS 0x00000000e7800000, 0x00000000e7800000| Complete 
| 121|0x00000000e7900000, 0x00000000e7a00000, 0x00000000e7a00000|100%| E|CS|TAMS 0x00000000e7900000, 0x00000000e7900000| Complete 
| 122|0x00000000e7a00000, 0x00000000e7b00000, 0x00000000e7b00000|100%| E|CS|TAMS 0x00000000e7a00000, 0x00000000e7a00000| Complete 
| 123|0x00000000e7b00000, 0x00000000e7c00000, 0x00000000e7c00000|100%| E|CS|TAMS 0x00000000e7b00000, 0x00000000e7b00000| Complete 
| 124|0x00000000e7c00000, 0x00000000e7d00000, 0x00000000e7d00000|100%| E|CS|TAMS 0x00000000e7c00000, 0x00000000e7c00000| Complete 
| 125|0x00000000e7d00000, 0x00000000e7e00000, 0x00000000e7e00000|100%| E|CS|TAMS 0x00000000e7d00000, 0x00000000e7d00000| Complete 
| 126|0x00000000e7e00000, 0x00000000e7f00000, 0x00000000e7f00000|100%| E|CS|TAMS 0x00000000e7e00000, 0x00000000e7e00000| Complete 
| 127|0x00000000e7f00000, 0x00000000e8000000, 0x00000000e8000000|100%| E|CS|TAMS 0x00000000e7f00000, 0x00000000e7f00000| Complete 

Card table byte_map: [0x000001fcf83f0000,0x000001fcf84f0000] _byte_map_base: 0x000001fcf7cf0000

Marking Bits (Prev, Next): (CMBitMap*) 0x000001fce5a91db8, (CMBitMap*) 0x000001fce5a91df0
 Prev Bits: [0x000001fcf85f0000, 0x000001fcf8df0000)
 Next Bits: [0x000001fcf8df0000, 0x000001fcf95f0000)

Polling page: 0x000001fce3800000

Metaspace:

Usage:
  Non-class:     37.59 MB capacity,    36.93 MB ( 98%) used,   575.33 KB (  1%) free+waste,    92.50 KB ( <1%) overhead. 
      Class:      5.75 MB capacity,     5.42 MB ( 94%) used,   300.16 KB (  5%) free+waste,    44.06 KB ( <1%) overhead. 
       Both:     43.34 MB capacity,    42.35 MB ( 98%) used,   875.49 KB (  2%) free+waste,   136.56 KB ( <1%) overhead. 

Virtual space:
  Non-class space:       38.00 MB reserved,      37.67 MB (>99%) committed 
      Class space:        1.00 GB reserved,       5.82 MB ( <1%) committed 
             Both:        1.04 GB reserved,      43.49 MB (  4%) committed 

Chunk freelists:
   Non-Class:  20.00 KB
       Class:  0 bytes
        Both:  20.00 KB

MaxMetaspaceSize: 17179869184.00 GB
CompressedClassSpaceSize: 1.00 GB

CodeHeap 'non-profiled nmethods': size=120064Kb used=1921Kb max_used=1921Kb free=118142Kb
 bounds [0x000001fcf0eb0000, 0x000001fcf1120000, 0x000001fcf83f0000]
CodeHeap 'profiled nmethods': size=120000Kb used=7880Kb max_used=7880Kb free=112119Kb
 bounds [0x000001fce9980000, 0x000001fcea140000, 0x000001fcf0eb0000]
CodeHeap 'non-nmethods': size=5696Kb used=2197Kb max_used=2235Kb free=3498Kb
 bounds [0x000001fce93f0000, 0x000001fce9660000, 0x000001fce9980000]
 total_blobs=4694 nmethods=3937 adapters=668
 compilation: enabled
              stopped_count=0, restarted_count=0
 full_count=0

Compilation events (20 events):
Event: 35.542 Thread 0x000001fcfbbf6000 nmethod 4120 0x000001fcea132590 code [0x000001fcea1327a0, 0x000001fcea132c58]
Event: 35.543 Thread 0x000001fcfbbeb800 4121       4       jdk.internal.reflect.ClassFileAssembler::cpi (22 bytes)
Event: 35.543 Thread 0x000001fcfbbeb800 nmethod 4121 0x000001fcf108f490 code [0x000001fcf108f620, 0x000001fcf108f698]
Event: 35.545 Thread 0x000001fcfbbf6000 4122       1       java.lang.StackTraceElement::getLineNumber (5 bytes)
Event: 35.545 Thread 0x000001fcfbbf6000 nmethod 4122 0x000001fcf108f710 code [0x000001fcf108f8c0, 0x000001fcf108f978]
Event: 35.545 Thread 0x000001fcfbbf6000 4123       1       java.lang.StackTraceElement::getFileName (5 bytes)
Event: 35.545 Thread 0x000001fcfbbf6000 nmethod 4123 0x000001fcf108fa10 code [0x000001fcf108fbc0, 0x000001fcf108fc78]
Event: 35.547 Thread 0x000001fcfbbeb800 4124       4       java.util.regex.ASCII::isType (15 bytes)
Event: 35.548 Thread 0x000001fcfbbeb800 nmethod 4124 0x000001fcf108fd10 code [0x000001fcf108fea0, 0x000001fcf108ff38]
Event: 35.551 Thread 0x000001fcfbbf6000 4125       1       java.io.ObjectStreamClass$FieldReflectorKey::hashCode (5 bytes)
Event: 35.551 Thread 0x000001fcfbbf6000 nmethod 4125 0x000001fcf1090010 code [0x000001fcf10901c0, 0x000001fcf1090278]
Event: 35.551 Thread 0x000001fcfbbf6000 4126       3       jdk.internal.reflect.ClassFileAssembler::opc_invokespecial (26 bytes)
Event: 35.552 Thread 0x000001fcfbbf6000 nmethod 4126 0x000001fcea132f10 code [0x000001fcea133120, 0x000001fcea133648]
Event: 35.552 Thread 0x000001fcfbbf6000 4127       3       jdk.internal.reflect.ClassFileAssembler::emitInt (46 bytes)
Event: 35.553 Thread 0x000001fcfbbf6000 nmethod 4127 0x000001fcea133910 code [0x000001fcea133b40, 0x000001fcea134018]
Event: 35.561 Thread 0x000001fcfbbf6000 4128       1       java.lang.StackTraceElement::getClassName (5 bytes)
Event: 35.561 Thread 0x000001fcfbbf6000 nmethod 4128 0x000001fcf1090310 code [0x000001fcf10904c0, 0x000001fcf1090578]
Event: 35.582 Thread 0x000001fcfbbf6000 4129       3       java.lang.ModuleLayer::boot (4 bytes)
Event: 35.582 Thread 0x000001fcfbbf6000 nmethod 4129 0x000001fcea134290 code [0x000001fcea134440, 0x000001fcea134538]
Event: 35.593 Thread 0x000001fcfbbeb800 4130       4       java.util.zip.ZipEntry::<init> (74 bytes)

GC Heap History (16 events):
Event: 0.977 GC heap before
{Heap before GC invocations=0 (full 0):
 garbage-first heap   total 131072K, used 19456K [0x00000000e0000000, 0x0000000100000000)
  region size 1024K, 14 young (14336K), 0 survivors (0K)
 Metaspace       used 7573K, capacity 7745K, committed 7936K, reserved 1056768K
  class space    used 706K, capacity 749K, committed 768K, reserved 1048576K
}
Event: 0.984 GC heap after
{Heap after GC invocations=1 (full 0):
 garbage-first heap   total 131072K, used 8111K [0x00000000e0000000, 0x0000000100000000)
  region size 1024K, 2 young (2048K), 2 survivors (2048K)
 Metaspace       used 7573K, capacity 7745K, committed 7936K, reserved 1056768K
  class space    used 706K, capacity 749K, committed 768K, reserved 1048576K
}
Event: 1.499 GC heap before
{Heap before GC invocations=1 (full 0):
 garbage-first heap   total 131072K, used 19375K [0x00000000e0000000, 0x0000000100000000)
  region size 1024K, 13 young (13312K), 2 survivors (2048K)
 Metaspace       used 10475K, capacity 10709K, committed 11008K, reserved 1058816K
  class space    used 1101K, capacity 1164K, committed 1280K, reserved 1048576K
}
Event: 1.503 GC heap after
{Heap after GC invocations=2 (full 0):
 garbage-first heap   total 131072K, used 8758K [0x00000000e0000000, 0x0000000100000000)
  region size 1024K, 1 young (1024K), 1 survivors (1024K)
 Metaspace       used 10475K, capacity 10709K, committed 11008K, reserved 1058816K
  class space    used 1101K, capacity 1164K, committed 1280K, reserved 1048576K
}
Event: 2.408 GC heap before
{Heap before GC invocations=2 (full 0):
 garbage-first heap   total 131072K, used 36406K [0x00000000e0000000, 0x0000000100000000)
  region size 1024K, 29 young (29696K), 1 survivors (1024K)
 Metaspace       used 10704K, capacity 10953K, committed 11264K, reserved 1058816K
  class space    used 1117K, capacity 1204K, committed 1280K, reserved 1048576K
}
Event: 2.412 GC heap after
{Heap after GC invocations=3 (full 0):
 garbage-first heap   total 131072K, used 12837K [0x00000000e0000000, 0x0000000100000000)
  region size 1024K, 4 young (4096K), 4 survivors (4096K)
 Metaspace       used 10704K, capacity 10953K, committed 11264K, reserved 1058816K
  class space    used 1117K, capacity 1204K, committed 1280K, reserved 1048576K
}
Event: 4.881 GC heap before
{Heap before GC invocations=3 (full 0):
 garbage-first heap   total 131072K, used 53797K [0x00000000e0000000, 0x0000000100000000)
  region size 1024K, 44 young (45056K), 4 survivors (4096K)
 Metaspace       used 19008K, capacity 19445K, committed 19584K, reserved 1067008K
  class space    used 2298K, capacity 2426K, committed 2432K, reserved 1048576K
}
Event: 4.888 GC heap after
{Heap after GC invocations=4 (full 0):
 garbage-first heap   total 131072K, used 16267K [0x00000000e0000000, 0x0000000100000000)
  region size 1024K, 3 young (3072K), 3 survivors (3072K)
 Metaspace       used 19008K, capacity 19445K, committed 19584K, reserved 1067008K
  class space    used 2298K, capacity 2426K, committed 2432K, reserved 1048576K
}
Event: 5.125 GC heap before
{Heap before GC invocations=4 (full 0):
 garbage-first heap   total 131072K, used 23435K [0x00000000e0000000, 0x0000000100000000)
  region size 1024K, 11 young (11264K), 3 survivors (3072K)
 Metaspace       used 20624K, capacity 20990K, committed 21248K, reserved 1069056K
  class space    used 2422K, capacity 2541K, committed 2560K, reserved 1048576K
}
Event: 5.130 GC heap after
{Heap after GC invocations=5 (full 0):
 garbage-first heap   total 131072K, used 16531K [0x00000000e0000000, 0x0000000100000000)
  region size 1024K, 4 young (4096K), 4 survivors (4096K)
 Metaspace       used 20624K, capacity 20990K, committed 21248K, reserved 1069056K
  class space    used 2422K, capacity 2541K, committed 2560K, reserved 1048576K
}
Event: 7.579 GC heap before
{Heap before GC invocations=6 (full 0):
 garbage-first heap   total 131072K, used 62611K [0x00000000e0000000, 0x0000000100000000)
  region size 1024K, 49 young (50176K), 4 survivors (4096K)
 Metaspace       used 26200K, capacity 26788K, committed 26880K, reserved 1073152K
  class space    used 3339K, capacity 3519K, committed 3584K, reserved 1048576K
}
Event: 7.588 GC heap after
{Heap after GC invocations=7 (full 0):
 garbage-first heap   total 131072K, used 18317K [0x00000000e0000000, 0x0000000100000000)
  region size 1024K, 5 young (5120K), 5 survivors (5120K)
 Metaspace       used 26200K, capacity 26788K, committed 26880K, reserved 1073152K
  class space    used 3339K, capacity 3519K, committed 3584K, reserved 1048576K
}
Event: 10.512 GC heap before
{Heap before GC invocations=7 (full 0):
 garbage-first heap   total 131072K, used 62349K [0x00000000e0000000, 0x0000000100000000)
  region size 1024K, 50 young (51200K), 5 survivors (5120K)
 Metaspace       used 34830K, capacity 35511K, committed 35628K, reserved 1081344K
  class space    used 4442K, capacity 4706K, committed 4736K, reserved 1048576K
}
Event: 10.530 GC heap after
{Heap after GC invocations=8 (full 0):
 garbage-first heap   total 131072K, used 21531K [0x00000000e0000000, 0x0000000100000000)
  region size 1024K, 6 young (6144K), 6 survivors (6144K)
 Metaspace       used 34830K, capacity 35511K, committed 35628K, reserved 1081344K
  class space    used 4442K, capacity 4706K, committed 4736K, reserved 1048576K
}
Event: 16.034 GC heap before
{Heap before GC invocations=9 (full 0):
 garbage-first heap   total 131072K, used 82971K [0x00000000e0000000, 0x0000000100000000)
  region size 1024K, 64 young (65536K), 6 survivors (6144K)
 Metaspace       used 40436K, capacity 41348K, committed 41592K, reserved 1085440K
  class space    used 5171K, capacity 5491K, committed 5580K, reserved 1048576K
}
Event: 16.050 GC heap after
{Heap after GC invocations=10 (full 0):
 garbage-first heap   total 131072K, used 25149K [0x00000000e0000000, 0x0000000100000000)
  region size 1024K, 7 young (7168K), 7 survivors (7168K)
 Metaspace       used 40436K, capacity 41348K, committed 41592K, reserved 1085440K
  class space    used 5171K, capacity 5491K, committed 5580K, reserved 1048576K
}

Deoptimization events (20 events):
Event: 18.690 Thread 0x000001fcfe365000 DEOPT PACKING pc=0x000001fcf103296c sp=0x000000faebdfa720
Event: 18.690 Thread 0x000001fcfe365000 DEOPT UNPACKING pc=0x000001fce94174af sp=0x000000faebdfa6e0 mode 2
Event: 19.634 Thread 0x000001fcfe365000 DEOPT PACKING pc=0x000001fce9a2851b sp=0x000000faebdf99d0
Event: 19.634 Thread 0x000001fcfe365000 DEOPT UNPACKING pc=0x000001fce94172ce sp=0x000000faebdf8f10 mode 0
Event: 22.044 Thread 0x000001fcfe365000 Uncommon trap: trap_request=0xffffff4d fr.pc=0x000001fcf103ca70 relative=0x00000000000001d0
Event: 22.044 Thread 0x000001fcfe365000 Uncommon trap: reason=unstable_if action=reinterpret pc=0x000001fcf103ca70 method=java.util.ArrayDeque.addLast(Ljava/lang/Object;)V @ 42 c2
Event: 22.044 Thread 0x000001fcfe365000 DEOPT PACKING pc=0x000001fcf103ca70 sp=0x000000faebdfa540
Event: 22.044 Thread 0x000001fcfe365000 DEOPT UNPACKING pc=0x000001fce94174af sp=0x000000faebdfa498 mode 2
Event: 22.264 Thread 0x000001fc8023d000 Uncommon trap: trap_request=0xffffff4d fr.pc=0x000001fcf0f34160 relative=0x0000000000000f20
Event: 22.264 Thread 0x000001fc8023d000 Uncommon trap: reason=unstable_if action=reinterpret pc=0x000001fcf0f34160 method=java.util.concurrent.ConcurrentHashMap.addCount(JI)V @ 34 c2
Event: 22.264 Thread 0x000001fc8023d000 DEOPT PACKING pc=0x000001fcf0f34160 sp=0x000000faeccfe570
Event: 22.264 Thread 0x000001fc8023d000 DEOPT UNPACKING pc=0x000001fce94174af sp=0x000000faeccfe440 mode 2
Event: 22.395 Thread 0x000001fc8023f000 Uncommon trap: trap_request=0xffffff4d fr.pc=0x000001fcf0f38828 relative=0x0000000000000148
Event: 22.395 Thread 0x000001fc8023f000 Uncommon trap: reason=unstable_if action=reinterpret pc=0x000001fcf0f38828 method=java.util.concurrent.ConcurrentHashMap.addCount(JI)V @ 7 c2
Event: 22.395 Thread 0x000001fc8023f000 DEOPT PACKING pc=0x000001fcf0f38828 sp=0x000000faecefe860
Event: 22.395 Thread 0x000001fc8023f000 DEOPT UNPACKING pc=0x000001fce94174af sp=0x000000faecefe7a0 mode 2
Event: 22.974 Thread 0x000001fc8023f800 Uncommon trap: trap_request=0xffffffcc fr.pc=0x000001fcf1080330 relative=0x00000000000010f0
Event: 22.974 Thread 0x000001fc8023f800 Uncommon trap: reason=intrinsic_or_type_checked_inlining action=make_not_entrant pc=0x000001fcf1080330 method=java.util.ArrayList.toArray([Ljava/lang/Object;)[Ljava/lang/Object; @ 36 c2
Event: 22.974 Thread 0x000001fc8023f800 DEOPT PACKING pc=0x000001fcf1080330 sp=0x000000faed0fec10
Event: 22.974 Thread 0x000001fc8023f800 DEOPT UNPACKING pc=0x000001fce94174af sp=0x000000faed0feb68 mode 2

Classes redefined (0 events):
No events

Internal exceptions (20 events):
Event: 15.022 Thread 0x000001fcfe365000 Exception <a 'java/lang/ClassNotFoundException'{0x00000000e456e0e8}: org/gradle/api/internal/artifacts/dsl/dependencies/DefaultDependencyHandlerCustomizer> (0x00000000e456e0e8) thrown at [./src/hotspot/share/classfile/systemDictionary.cpp, line 231]
Event: 15.038 Thread 0x000001fcfe365000 Exception <a 'java/lang/ClassNotFoundException'{0x00000000e45bdcd0}: org/gradle/api/internal/artifacts/dsl/dependencies/DefaultDependencyHandler_DecoratedCustomizer> (0x00000000e45bdcd0) thrown at [./src/hotspot/share/classfile/systemDictionary.cpp, line 231]
Event: 16.956 Thread 0x000001fcfe365000 Exception <a 'java/lang/NoSuchMethodError'{0x00000000e7504678}: 'int java.lang.invoke.DirectMethodHandle$Holder.invokeInterface(java.lang.Object, java.lang.Object)'> (0x00000000e7504678) thrown at [./src/hotspot/share/interpreter/linkResolver.cpp, line 773]
Event: 16.957 Thread 0x000001fcfe365000 Exception <a 'java/lang/IncompatibleClassChangeError'{0x00000000e7507eb0}: Found class java.lang.Object, but interface was expected> (0x00000000e7507eb0) thrown at [./src/hotspot/share/interpreter/linkResolver.cpp, line 839]
Event: 17.067 Thread 0x000001fcfe365000 Exception <a 'java/lang/NoSuchMethodError'{0x00000000e74a6da8}: 'java.lang.Object java.lang.invoke.DirectMethodHandle$Holder.invokeStatic(java.lang.Object, java.lang.Object, java.lang.Object, int)'> (0x00000000e74a6da8) thrown at [./src/hotspot/share/interpreter/linkResolver.cpp, line 773]
Event: 17.067 Thread 0x000001fcfe365000 Exception <a 'java/lang/NoSuchMethodError'{0x00000000e74ab3c0}: 'java.lang.Object java.lang.invoke.DirectMethodHandle$Holder.invokeSpecial(java.lang.Object, java.lang.Object, java.lang.Object, java.lang.Object, int)'> (0x00000000e74ab3c0) thrown at [./src/hotspot/share/interpreter/linkResolver.cpp, line 773]
Event: 17.068 Thread 0x000001fcfe365000 Exception <a 'java/lang/NoSuchMethodError'{0x00000000e74af2f8}: 'java.lang.Object java.lang.invoke.Invokers$Holder.linkToTargetMethod(java.lang.Object, java.lang.Object, int, java.lang.Object)'> (0x00000000e74af2f8) thrown at [./src/hotspot/share/interpreter/linkResolver.cpp, line 773]
Event: 17.593 Thread 0x000001fcfe365000 Exception <a 'java/lang/NoSuchMethodError'{0x00000000e6f2b520}: 'int java.lang.invoke.DirectMethodHandle$Holder.invokeStaticInit(java.lang.Object)'> (0x00000000e6f2b520) thrown at [./src/hotspot/share/interpreter/linkResolver.cpp, line 773]
Event: 22.137 Thread 0x000001fcfe365000 Exception <a 'java/lang/NoSuchMethodError'{0x00000000e68c74b0}: 'void java.lang.invoke.DirectMethodHandle$Holder.invokeStatic(java.lang.Object, java.lang.Object, java.lang.Object, int, java.lang.Object)'> (0x00000000e68c74b0) thrown at [./src/hotspot/share/interpreter/linkResolver.cpp, line 773]
Event: 35.437 Thread 0x000001fcfe365000 Exception <a 'java/lang/OutOfMemoryError'{0x00000000e605e250}: unable to create native thread: possibly out of memory or process/resource limits reached> (0x00000000e605e250) thrown at [./src/hotspot/share/prims/jvm.cpp, line 2915]
Event: 35.484 Thread 0x000001fcfe365000 Exception <a 'java/lang/NoSuchMethodError'{0x00000000e57f9ed0}: 'long java.lang.invoke.DirectMethodHandle$Holder.invokeVirtual(java.lang.Object, java.lang.Object)'> (0x00000000e57f9ed0) thrown at [./src/hotspot/share/interpreter/linkResolver.cpp, line 773]
Event: 35.531 Thread 0x000001fcfdf69800 Exception <a 'java/lang/NoSuchMethodError'{0x00000000e7f8d8e0}: <clinit>> (0x00000000e7f8d8e0) thrown at [./src/hotspot/share/prims/jni.cpp, line 1362]
Event: 35.536 Thread 0x000001fcfdf69800 Exception <a 'java/lang/NoSuchMethodError'{0x00000000e56a5308}: <clinit>> (0x00000000e56a5308) thrown at [./src/hotspot/share/prims/jni.cpp, line 1362]
Event: 35.537 Thread 0x000001fcfdf69800 Exception <a 'java/lang/NoSuchMethodError'{0x00000000e56a67c8}: <clinit>> (0x00000000e56a67c8) thrown at [./src/hotspot/share/prims/jni.cpp, line 1362]
Event: 35.537 Thread 0x000001fcfdf69800 Exception <a 'java/lang/NoSuchMethodError'{0x00000000e56a7ad0}: <clinit>> (0x00000000e56a7ad0) thrown at [./src/hotspot/share/prims/jni.cpp, line 1362]
Event: 35.537 Thread 0x000001fcfdf69800 Exception <a 'java/lang/NoSuchMethodError'{0x00000000e56a8af0}: <clinit>> (0x00000000e56a8af0) thrown at [./src/hotspot/share/prims/jni.cpp, line 1362]
Event: 35.539 Thread 0x000001fcfdf69800 Exception <a 'java/lang/NoSuchMethodError'{0x00000000e56b28b8}: <clinit>> (0x00000000e56b28b8) thrown at [./src/hotspot/share/prims/jni.cpp, line 1362]
Event: 35.541 Thread 0x000001fcfdf69800 Exception <a 'java/lang/NoSuchMethodError'{0x00000000e56bcd58}: <clinit>> (0x00000000e56bcd58) thrown at [./src/hotspot/share/prims/jni.cpp, line 1362]
Event: 35.543 Thread 0x000001fcfdf69800 Exception <a 'java/lang/NoSuchMethodError'{0x00000000e56d0458}: <clinit>> (0x00000000e56d0458) thrown at [./src/hotspot/share/prims/jni.cpp, line 1362]
Event: 35.553 Thread 0x000001fcfdf69800 Exception <a 'java/lang/NoSuchMethodError'{0x00000000e56eae90}: <clinit>> (0x00000000e56eae90) thrown at [./src/hotspot/share/prims/jni.cpp, line 1362]

Events (20 events):
Event: 35.571 loading class java/util/logging/LogRecord done
Event: 35.571 loading class java/time/Clock
Event: 35.581 loading class java/time/Clock done
Event: 35.581 loading class java/time/Clock$SystemClock
Event: 35.581 loading class java/time/Clock$SystemClock done
Event: 35.583 loading class org/gradle/cache/internal/InMemoryCacheController
Event: 35.583 loading class org/gradle/cache/internal/InMemoryCacheController done
Event: 35.583 loading class org/gradle/cache/internal/InMemoryCacheController
Event: 35.583 loading class org/gradle/cache/internal/InMemoryCacheController done
Event: 35.584 loading class org/gradle/internal/buildevents/BuildExceptionReporter$FailureDetails
Event: 35.584 loading class org/gradle/internal/buildevents/BuildExceptionReporter$FailureDetails done
Event: 35.593 loading class org/gradle/internal/logging/text/BufferingStyledTextOutput
Event: 35.593 loading class org/gradle/internal/logging/text/BufferingStyledTextOutput done
Event: 35.593 loading class org/gradle/internal/buildevents/BuildExceptionReporter$ExceptionStyle
Event: 35.593 loading class org/gradle/internal/buildevents/BuildExceptionReporter$ExceptionStyle done
Event: 35.594 loading class org/gradle/internal/logging/text/BufferingStyledTextOutput$1
Event: 35.594 loading class org/gradle/internal/logging/text/BufferingStyledTextOutput$1 done
Event: 35.594 loading class org/gradle/internal/logging/text/AbstractStyledTextOutput$StyleOverrideTextOutput
Event: 35.594 loading class org/gradle/internal/logging/text/AbstractStyledTextOutput$StyleOverrideTextOutput done
Event: 35.595 Executing VM operation: Deoptimize


Dynamic libraries:
0x00007ff7a5720000 - 0x00007ff7a572a000 	C:\Setup Files\Android Studio\jre\bin\java.exe
0x00007ffc25cb0000 - 0x00007ffc25ea5000 	C:\Windows\SYSTEM32\ntdll.dll
0x00007ffc25930000 - 0x00007ffc259ed000 	C:\Windows\System32\KERNEL32.DLL
0x00007ffc23530000 - 0x00007ffc237f8000 	C:\Windows\System32\KERNELBASE.dll
0x00007ffc23800000 - 0x00007ffc23900000 	C:\Windows\System32\ucrtbase.dll
0x00007ffc1dd10000 - 0x00007ffc1dd29000 	C:\Setup Files\Android Studio\jre\bin\jli.dll
0x00007ffc1dcf0000 - 0x00007ffc1dd07000 	C:\Setup Files\Android Studio\jre\bin\VCRUNTIME140.dll
0x00007ffc23d60000 - 0x00007ffc23f00000 	C:\Windows\System32\USER32.dll
0x00007ffc23cf0000 - 0x00007ffc23d12000 	C:\Windows\System32\win32u.dll
0x00007ffc259f0000 - 0x00007ffc25a1a000 	C:\Windows\System32\GDI32.dll
0x00007ffc23b40000 - 0x00007ffc23c4b000 	C:\Windows\System32\gdi32full.dll
0x00007ffc23c50000 - 0x00007ffc23ced000 	C:\Windows\System32\msvcp_win.dll
0x00007ffc07f10000 - 0x00007ffc081aa000 	C:\Windows\WinSxS\amd64_microsoft.windows.common-controls_6595b64144ccf1df_6.0.19041.1052_none_60b8f8fd71f5e8cb\COMCTL32.dll
0x00007ffc25bd0000 - 0x00007ffc25c6e000 	C:\Windows\System32\msvcrt.dll
0x00007ffc23d20000 - 0x00007ffc23d50000 	C:\Windows\System32\IMM32.DLL
0x00007ffc1d240000 - 0x00007ffc1d2dd000 	C:\Setup Files\Android Studio\jre\bin\msvcp140.dll
0x00007ffbeb6d0000 - 0x00007ffbec18c000 	C:\Setup Files\Android Studio\jre\bin\server\jvm.dll
0x00007ffc25210000 - 0x00007ffc252bc000 	C:\Windows\System32\ADVAPI32.dll
0x00007ffc24b40000 - 0x00007ffc24bdb000 	C:\Windows\System32\sechost.dll
0x00007ffc25800000 - 0x00007ffc2592b000 	C:\Windows\System32\RPCRT4.dll
0x00007ffc23d50000 - 0x00007ffc23d58000 	C:\Windows\System32\PSAPI.DLL
0x00007ffc1ddc0000 - 0x00007ffc1ddc9000 	C:\Windows\SYSTEM32\WSOCK32.dll
0x00007ffc251a0000 - 0x00007ffc2520b000 	C:\Windows\System32\WS2_32.dll
0x00007ffc18890000 - 0x00007ffc188b7000 	C:\Windows\SYSTEM32\WINMM.dll
0x00007ffc1d630000 - 0x00007ffc1d63a000 	C:\Windows\SYSTEM32\VERSION.dll
0x00007ffc21d10000 - 0x00007ffc21d22000 	C:\Windows\SYSTEM32\kernel.appcore.dll
0x00007ffc1dc10000 - 0x00007ffc1dc21000 	C:\Setup Files\Android Studio\jre\bin\verify.dll
0x00007ffc219e0000 - 0x00007ffc21bc4000 	C:\Windows\SYSTEM32\DBGHELP.DLL
0x00007ffc117e0000 - 0x00007ffc1180c000 	C:\Windows\SYSTEM32\dbgcore.DLL
0x00007ffc234a0000 - 0x00007ffc23523000 	C:\Windows\System32\bcryptPrimitives.dll
0x00007ffc1dbe0000 - 0x00007ffc1dc09000 	C:\Setup Files\Android Studio\jre\bin\java.dll
0x00007ffc1dc50000 - 0x00007ffc1dc5b000 	C:\Setup Files\Android Studio\jre\bin\jimage.dll
0x00007ffc1dbc0000 - 0x00007ffc1dbd8000 	C:\Setup Files\Android Studio\jre\bin\zip.dll
0x00007ffc242d0000 - 0x00007ffc24a0f000 	C:\Windows\System32\SHELL32.dll
0x00007ffc21240000 - 0x00007ffc219d0000 	C:\Windows\SYSTEM32\windows.storage.dll
0x00007ffc24de0000 - 0x00007ffc25135000 	C:\Windows\System32\combase.dll
0x00007ffc22d90000 - 0x00007ffc22dbc000 	C:\Windows\SYSTEM32\Wldp.dll
0x00007ffc24a10000 - 0x00007ffc24abe000 	C:\Windows\System32\SHCORE.dll
0x00007ffc24cd0000 - 0x00007ffc24d25000 	C:\Windows\System32\shlwapi.dll
0x00007ffc23330000 - 0x00007ffc2334f000 	C:\Windows\SYSTEM32\profapi.dll
0x00007ffc1dba0000 - 0x00007ffc1dbba000 	C:\Setup Files\Android Studio\jre\bin\net.dll
0x00007ffc18900000 - 0x00007ffc18a0b000 	C:\Windows\SYSTEM32\WINHTTP.dll
0x00007ffc22b00000 - 0x00007ffc22b6a000 	C:\Windows\system32\mswsock.dll
0x00007ffc1db80000 - 0x00007ffc1db94000 	C:\Setup Files\Android Studio\jre\bin\nio.dll
0x00007ffc1ddd0000 - 0x00007ffc1ddf7000 	C:\Users\User\.gradle\native\f6784746aeab05261644944871eae4fe03e0ef1612fff0a4a95f87b438bc6780\windows-amd64\native-platform.dll
0x00007ffc1db70000 - 0x00007ffc1db7a000 	C:\Setup Files\Android Studio\jre\bin\management.dll
0x00007ffc1db60000 - 0x00007ffc1db6c000 	C:\Setup Files\Android Studio\jre\bin\management_ext.dll
0x00007ffc22ce0000 - 0x00007ffc22cf8000 	C:\Windows\SYSTEM32\CRYPTSP.dll
0x00007ffc224a0000 - 0x00007ffc224d4000 	C:\Windows\system32\rsaenh.dll
0x00007ffc239b0000 - 0x00007ffc239d7000 	C:\Windows\System32\bcrypt.dll
0x00007ffc232f0000 - 0x00007ffc2331e000 	C:\Windows\SYSTEM32\USERENV.dll
0x00007ffc22cd0000 - 0x00007ffc22cdc000 	C:\Windows\SYSTEM32\CRYPTBASE.dll
0x00007ffc227f0000 - 0x00007ffc2282b000 	C:\Windows\SYSTEM32\IPHLPAPI.DLL
0x00007ffc25a20000 - 0x00007ffc25a28000 	C:\Windows\System32\NSI.dll
0x00007ffc1c7c0000 - 0x00007ffc1c7d7000 	C:\Windows\SYSTEM32\dhcpcsvc6.DLL
0x00007ffc1cc30000 - 0x00007ffc1cc4d000 	C:\Windows\SYSTEM32\dhcpcsvc.DLL
0x00007ffc22830000 - 0x00007ffc228fc000 	C:\Windows\SYSTEM32\DNSAPI.dll
0x00007ffc1cfe0000 - 0x00007ffc1cfeb000 	C:\Windows\SYSTEM32\WINNSI.DLL

dbghelp: loaded successfully - version: 4.0.5 - missing functions: none
symbol engine: initialized successfully - sym options: 0x614 - pdb path: .;C:\Setup Files\Android Studio\jre\bin;C:\Windows\SYSTEM32;C:\Windows\WinSxS\amd64_microsoft.windows.common-controls_6595b64144ccf1df_6.0.19041.1052_none_60b8f8fd71f5e8cb;C:\Setup Files\Android Studio\jre\bin\server;C:\Users\User\.gradle\native\f6784746aeab05261644944871eae4fe03e0ef1612fff0a4a95f87b438bc6780\windows-amd64

VM Arguments:
jvm_args: --add-opens=java.base/java.util=ALL-UNNAMED --add-opens=java.base/java.lang=ALL-UNNAMED --add-opens=java.base/java.lang.invoke=ALL-UNNAMED --add-opens=java.prefs/java.util.prefs=ALL-UNNAMED -Xmx512m -Dfile.encoding=UTF-8 -Duser.country=US -Duser.language=en -Duser.variant 
java_command: org.gradle.launcher.daemon.bootstrap.GradleDaemon 6.5
java_class_path (initial): C:\Users\User\.gradle\wrapper\dists\gradle-6.5-all\2oz4ud9k3tuxjg84bbf55q0tn\gradle-6.5\lib\gradle-launcher-6.5.jar
Launcher Type: SUN_STANDARD

[Global flags]
     intx CICompilerCount                          = 3                                         {product} {ergonomic}
     uint ConcGCThreads                            = 1                                         {product} {ergonomic}
     uint G1ConcRefinementThreads                  = 4                                         {product} {ergonomic}
   size_t G1HeapRegionSize                         = 1048576                                   {product} {ergonomic}
    uintx GCDrainStackTargetSize                   = 64                                        {product} {ergonomic}
   size_t InitialHeapSize                          = 134217728                                 {product} {ergonomic}
   size_t MarkStackSize                            = 4194304                                   {product} {ergonomic}
   size_t MaxHeapSize                              = 536870912                                 {product} {command line}
   size_t MaxNewSize                               = 321912832                                 {product} {ergonomic}
   size_t MinHeapDeltaBytes                        = 1048576                                   {product} {ergonomic}
    uintx NonNMethodCodeHeapSize                   = 5830732                                {pd product} {ergonomic}
    uintx NonProfiledCodeHeapSize                  = 122913754                              {pd product} {ergonomic}
    uintx ProfiledCodeHeapSize                     = 122913754                              {pd product} {ergonomic}
    uintx ReservedCodeCacheSize                    = 251658240                              {pd product} {ergonomic}
     bool SegmentedCodeCache                       = true                                      {product} {ergonomic}
     bool UseCompressedClassPointers               = true                                 {lp64_product} {ergonomic}
     bool UseCompressedOops                        = true                                 {lp64_product} {ergonomic}
     bool UseG1GC                                  = true                                      {product} {ergonomic}
     bool UseLargePagesIndividualAllocation        = false                                  {pd product} {ergonomic}

Logging:
Log output configuration:
 #0: stdout all=warning uptime,level,tags
 #1: stderr all=off uptime,level,tags

Environment Variables:
PATH=C:\Program Files (x86)\Common Files\Oracle\Java\javapath;C:\Windows\system32;C:\Windows;C:\Windows\System32\Wbem;C:\Windows\System32\WindowsPowerShell\v1.0\;C:\Windows\System32\OpenSSH\;E:\Apps\Programming\maven\apache-maven-3.6.0\bin;E:\Apps\Programming\git\Git Setup File\Git\cmd;C:\Program Files\MySQL\MySQL Shell 8.0\bin\;C:\Users\User\AppData\Local\Programs\Python\Python39\Scripts\;C:\Users\User\AppData\Local\Programs\Python\Python39\;C:\Users\User\AppData\Local\Microsoft\WindowsApps;;E:\Apps\Programming\Visual Studio Code\VS Code Setup File\Microsoft VS Code\bin
USERNAME=User
OS=Windows_NT
PROCESSOR_IDENTIFIER=Intel64 Family 6 Model 142 Stepping 9, GenuineIntel



---------------  S Y S T E M  ---------------

OS: Windows 10 , 64 bit Build 19041 (10.0.19041.1023)
OS uptime: 1 days 7:37 hours

CPU:total 4 (initial active 4) (2 cores per cpu, 2 threads per core) family 6 model 142 stepping 9, cmov, cx8, fxsr, mmx, sse, sse2, sse3, ssse3, sse4.1, sse4.2, popcnt, avx, avx2, aes, clmul, erms, 3dnowpref, lzcnt, ht, tsc, tscinvbit, bmi1, bmi2, adx, fma

Memory: 4k page, system-wide physical 8108M (130M free)
TotalPageFile size 22406M (AvailPageFile size 14M)
current process WorkingSet (physical memory assigned to process): 209M, peak: 226M
current process commit charge ("private bytes"): 282M, peak: 294M

vm_info: OpenJDK 64-Bit Server VM (11.0.8+10-b944.6842174) for windows-amd64 JRE (11.0.8+10-b944.6842174), built on Sep 19 2020 01:11:42 by "builder" with MS VC++ 14.0 (VS2015)

END.
